<?xml version="1.0" encoding="UTF-8"?>
<testsuite name="MTStressTest" tests="1" skipped="0" failures="0" errors="0" timestamp="2022-01-24T20:43:22" hostname="LAPTOP-KJ9J2R41" time="13.617">
  <properties/>
  <testcase name="testStress" classname="MTStressTest" time="13.617"/>
  <system-out><![CDATA[Phase # 1 - done    339,519 ops (warm up)
Phase # 2 - done      7,737 ops (warm up)
Phase # 3 - done      5,884 ops (warm up)
Phase # 4 - done      2,965 ops (warm up)
Phase # 5 - done      3,078 ops (warm up)
Phase # 6 - done      1,967 ops (measure)
Phase # 7 - done      3,108 ops (measure)
Phase # 8 - done      2,794 ops (measure)
Phase # 9 - done      3,454 ops (measure)
Phase #10 - done      2,715 ops (measure)
Average ops per phase: 2,808 +- 553
]]></system-out>
  <system-err><![CDATA[]]></system-err>
</testsuite>
